<?xml version="1.0" encoding="UTF-8"?>
<!-- Generated by org.testng.reporters.JUnitReportReporter -->
<testsuite hostname="DESKTOP-AEI6VM2" failures="0" tests="1" name="com.ebrahim.selenium.iframe.Iframe" time="11.722" errors="0" timestamp="2021-02-17T11:50:22 BDT" skipped="0">
  <testcase classname="com.ebrahim.selenium.iframe.Iframe" name="iframe" time="11.722"/>
  <system-out/>
</testsuite> <!-- com.ebrahim.selenium.iframe.Iframe -->
